[debug] [2018-03-25T17:14:03.411Z] ----------------------------------------------------------------------
[debug] [2018-03-25T17:14:03.414Z] Command:       /usr/local/bin/node /usr/local/bin/firebase deploy --only functions
[debug] [2018-03-25T17:14:03.414Z] CLI Version:   3.17.5
[debug] [2018-03-25T17:14:03.414Z] Platform:      darwin
[debug] [2018-03-25T17:14:03.414Z] Node Version:  v6.11.2
[debug] [2018-03-25T17:14:03.415Z] Time:          Sun Mar 25 2018 19:14:03 GMT+0200 (CEST)
[debug] [2018-03-25T17:14:03.415Z] ----------------------------------------------------------------------
[debug] 
[debug] [2018-03-25T17:14:03.431Z] > command requires scopes: ["email","openid","https://www.googleapis.com/auth/cloudplatformprojects.readonly","https://www.googleapis.com/auth/firebase","https://www.googleapis.com/auth/cloud-platform"]
[debug] [2018-03-25T17:14:03.431Z] > authorizing via signed-in user
[debug] [2018-03-25T17:14:03.434Z] >>> HTTP REQUEST GET https://admin.firebase.com/v1/projects/bimbadaboum-2e847  
  
 Sun Mar 25 2018 19:14:03 GMT+0200 (CEST)
[debug] [2018-03-25T17:14:04.144Z] <<< HTTP RESPONSE 200
[debug] [2018-03-25T17:14:04.145Z] >>> HTTP REQUEST GET https://admin.firebase.com/v1/database/bimbadaboum-2e847/tokens  
  
 Sun Mar 25 2018 19:14:04 GMT+0200 (CEST)
[debug] [2018-03-25T17:14:04.757Z] <<< HTTP RESPONSE 200
[info] 
[info] === Deploying to 'bimbadaboum-2e847'...
[info] 
[info] i  deploying functions
[debug] [2018-03-25T17:14:05.466Z] > [functions] package.json contents: {
  "name": "functions",
  "description": "Cloud Functions for Firebase",
  "scripts": {
    "serve": "firebase serve --only functions",
    "shell": "firebase experimental:functions:shell",
    "start": "npm run shell",
    "deploy": "firebase deploy --only functions",
    "logs": "firebase functions:log"
  },
  "dependencies": {
    "firebase-admin": "~5.4.2",
    "firebase-functions": "^0.8.1"
  },
  "private": true
}
[info] i  functions: ensuring necessary APIs are enabled...
[debug] [2018-03-25T17:14:05.467Z] >>> HTTP REQUEST GET https://servicemanagement.googleapis.com/v1/services/cloudfunctions.googleapis.com/projectSettings/bimbadaboum-2e847?view=CONSUMER_VIEW  
  
 Sun Mar 25 2018 19:14:05 GMT+0200 (CEST)
[debug] [2018-03-25T17:14:05.468Z] >>> HTTP REQUEST GET https://servicemanagement.googleapis.com/v1/services/runtimeconfig.googleapis.com/projectSettings/bimbadaboum-2e847?view=CONSUMER_VIEW  
  
 Sun Mar 25 2018 19:14:05 GMT+0200 (CEST)
[debug] [2018-03-25T17:14:35.654Z] Error: getaddrinfo ENOTFOUND servicemanagement.googleapis.com servicemanagement.googleapis.com:443
    at errnoException (dns.js:28:10)
    at GetAddrInfoReqWrap.onlookup [as oncomplete] (dns.js:76:26)
[error] 
[error] Error: Server Error. getaddrinfo ENOTFOUND servicemanagement.googleapis.com servicemanagement.googleapis.com:443
[debug] [2018-03-25T17:16:02.371Z] ----------------------------------------------------------------------
[debug] [2018-03-25T17:16:02.374Z] Command:       /usr/local/bin/node /usr/local/bin/firebase deploy --only functions
[debug] [2018-03-25T17:16:02.375Z] CLI Version:   3.17.5
[debug] [2018-03-25T17:16:02.375Z] Platform:      darwin
[debug] [2018-03-25T17:16:02.375Z] Node Version:  v6.11.2
[debug] [2018-03-25T17:16:02.375Z] Time:          Sun Mar 25 2018 19:16:02 GMT+0200 (CEST)
[debug] [2018-03-25T17:16:02.375Z] ----------------------------------------------------------------------
[debug] 
[debug] [2018-03-25T17:16:02.391Z] > command requires scopes: ["email","openid","https://www.googleapis.com/auth/cloudplatformprojects.readonly","https://www.googleapis.com/auth/firebase","https://www.googleapis.com/auth/cloud-platform"]
[debug] [2018-03-25T17:16:02.391Z] > authorizing via signed-in user
[debug] [2018-03-25T17:16:02.395Z] >>> HTTP REQUEST GET https://admin.firebase.com/v1/projects/bimbadaboum-2e847  
  
 Sun Mar 25 2018 19:16:02 GMT+0200 (CEST)
[debug] [2018-03-25T17:16:06.304Z] <<< HTTP RESPONSE 200
[debug] [2018-03-25T17:16:06.306Z] >>> HTTP REQUEST GET https://admin.firebase.com/v1/database/bimbadaboum-2e847/tokens  
  
 Sun Mar 25 2018 19:16:06 GMT+0200 (CEST)
[debug] [2018-03-25T17:16:07.630Z] <<< HTTP RESPONSE 200
[info] 
[info] === Deploying to 'bimbadaboum-2e847'...
[info] 
[info] i  deploying functions
[debug] [2018-03-25T17:16:10.252Z] > [functions] package.json contents: {
  "name": "functions",
  "description": "Cloud Functions for Firebase",
  "scripts": {
    "serve": "firebase serve --only functions",
    "shell": "firebase experimental:functions:shell",
    "start": "npm run shell",
    "deploy": "firebase deploy --only functions",
    "logs": "firebase functions:log"
  },
  "dependencies": {
    "firebase-admin": "~5.4.2",
    "firebase-functions": "^0.8.1"
  },
  "private": true
}
[info] i  functions: ensuring necessary APIs are enabled...
[debug] [2018-03-25T17:16:10.254Z] >>> HTTP REQUEST GET https://servicemanagement.googleapis.com/v1/services/cloudfunctions.googleapis.com/projectSettings/bimbadaboum-2e847?view=CONSUMER_VIEW  
  
 Sun Mar 25 2018 19:16:10 GMT+0200 (CEST)
[debug] [2018-03-25T17:16:10.254Z] >>> HTTP REQUEST GET https://servicemanagement.googleapis.com/v1/services/runtimeconfig.googleapis.com/projectSettings/bimbadaboum-2e847?view=CONSUMER_VIEW  
  
 Sun Mar 25 2018 19:16:10 GMT+0200 (CEST)
[debug] [2018-03-25T17:16:41.053Z] Error: getaddrinfo ENOTFOUND servicemanagement.googleapis.com servicemanagement.googleapis.com:443
    at errnoException (dns.js:28:10)
    at GetAddrInfoReqWrap.onlookup [as oncomplete] (dns.js:76:26)
[error] 
[error] Error: Server Error. getaddrinfo ENOTFOUND servicemanagement.googleapis.com servicemanagement.googleapis.com:443
